batch_size: 32 , vandTrain: True , weights path: weights/pt_VT_final1 , num epochs: 20
/squash/ImageNet-zstd/train/n01440764/n01440764_10026.JPEG
Imagenet # of images: 12798
road_signs_dtst # of images: 4170
real vand (test) # of images: 259
size of train 17468
Size of dl 545
model loaded
Only 1 GPU is available
epoch 0 started torch.Size([32, 3, 224, 224])
0.0 % progress
0.0988235294117647 % progress
0.1976470588235294 % progress
0.2964705882352941 % progress
0.3952941176470588 % progress
0.49411764705882355 % progress
0.5929411764705882 % progress
0.691764705882353 % progress
0.7905882352941176 % progress
0.8894117647058823 % progress
0.9882352941176471 % progress
1.0870588235294119 % progress
1.1858823529411764 % progress
End of epoch 0, mean loss: 0.06736096989762876
/squash/ImageNet-zstd/train/n01440764/n01440764_10026.JPEG
Imagenet # of images: 12798
road_signs_dtst # of images: 4170
real vand (test) # of images: 259
size of test 8852
final test acc ImageNet : 0.975777465228942
final test acc GTSRB : 0.7733333333333333
final test acc Kaggle : 0.06
final test acc TSRD : 0.9869608826479438
final test acc vandSigns : 0.5907335907335908
weights/pt_VT_final1/epoch000000.pt
End of epoch 1, mean loss: 0.09402707338209239
End of epoch 2, mean loss: 0.08627905154669094
End of epoch 3, mean loss: 0.07539151556802691
End of epoch 4, mean loss: 0.07797736714211177
End of epoch 5, mean loss: 0.07526869038205354
/squash/ImageNet-zstd/train/n01440764/n01440764_10026.JPEG
Imagenet # of images: 12798
road_signs_dtst # of images: 4170
real vand (test) # of images: 259
size of test 8852
final test acc ImageNet : 0.980309423347398
final test acc GTSRB : 0.6933333333333334
final test acc Kaggle : 0.04
final test acc TSRD : 0.9568706118355065
final test acc vandSigns : 0.5675675675675675
weights/pt_VT_final1/epoch000005.pt
End of epoch 6, mean loss: 0.06762329985936591
End of epoch 7, mean loss: 0.06595542411450211
End of epoch 8, mean loss: 0.077424925972212
End of epoch 9, mean loss: 0.07412886287805565
End of epoch 10, mean loss: 0.0636434350147792
/squash/ImageNet-zstd/train/n01440764/n01440764_10026.JPEG
Imagenet # of images: 12798
road_signs_dtst # of images: 4170
real vand (test) # of images: 259
size of test 8852
final test acc ImageNet : 0.9546804188154399
final test acc GTSRB : 0.96
final test acc Kaggle : 0.04
final test acc TSRD : 0.9769307923771314
final test acc vandSigns : 0.6833976833976834
weights/pt_VT_final1/epoch000010.pt
End of epoch 11, mean loss: 0.06948108115711958
End of epoch 12, mean loss: 0.06545685400178126
End of epoch 13, mean loss: 0.07088795586472052
End of epoch 14, mean loss: 0.06636678918324616
End of epoch 15, mean loss: 0.06605599271005379
/squash/ImageNet-zstd/train/n01440764/n01440764_10026.JPEG
Imagenet # of images: 12798
road_signs_dtst # of images: 4170
real vand (test) # of images: 259
size of test 8852
final test acc ImageNet : 0.9884356930770433
final test acc GTSRB : 0.6333333333333333
final test acc Kaggle : 0.04
final test acc TSRD : 0.9518555667001003
final test acc vandSigns : 0.32432432432432434
weights/pt_VT_final1/epoch000015.pt
End of epoch 16, mean loss: 0.06217067112212727
End of epoch 17, mean loss: 0.06684609459021018
End of epoch 18, mean loss: 0.062037556684242746
End of epoch 19, mean loss: 0.06533964150969725
